Running: fuse.exe -relaunch -intstyle "ise" -incremental -lib "unisims_ver" -lib "unimacro_ver" -lib "xilinxcorelib_ver" -o "C:/Users/nimer/Documents/GitHub/MIPS8/FPGA/CPU_Test_isim_beh.exe" -prj "C:/Users/nimer/Documents/GitHub/MIPS8/FPGA/CPU_Test_beh.prj" "work.CPU_Test" "work.glbl" 
ISim P.20131013 (signature 0x8ef4fb42)
Number of CPUs detected in this system: 1
Turning on mult-threading, number of parallel sub-compilation jobs: 0 
Determining compilation order of HDL files
Analyzing Verilog file "C:/Users/nimer/Documents/GitHub/MIPS8/FPGA/RegisterFile.v" into library work
Analyzing Verilog file "C:/Users/nimer/Documents/GitHub/MIPS8/FPGA/InstructionMemory.v" into library work
Analyzing Verilog file "C:/Users/nimer/Documents/GitHub/MIPS8/FPGA/Flags.v" into library work
Analyzing Verilog file "C:/Users/nimer/Documents/GitHub/MIPS8/FPGA/DebugUnit.v" into library work
Analyzing Verilog file "C:/Users/nimer/Documents/GitHub/MIPS8/FPGA/DataMemory.v" into library work
Analyzing Verilog file "C:/Users/nimer/Documents/GitHub/MIPS8/FPGA/ControlUnit.v" into library work
Analyzing Verilog file "C:/Users/nimer/Documents/GitHub/MIPS8/FPGA/ALU.v" into library work
Analyzing Verilog file "C:/Users/nimer/Documents/GitHub/MIPS8/FPGA/CPU.v" into library work
Analyzing Verilog file "C:/Users/nimer/Documents/GitHub/MIPS8/FPGA/CPU_Test.v" into library work
Analyzing Verilog file "C:/Xilinx/14.7/ISE_DS/ISE//verilog/src/glbl.v" into library work
Starting static elaboration
WARNING:HDLCompiler:1016 - "C:/Users/nimer/Documents/GitHub/MIPS8/FPGA/CPU_Test.v" Line 13: Port debug_rf_addr is not connected to this instance
Completed static elaboration
Fuse Memory Usage: 102700 KB
Fuse CPU Usage: 249 ms
Compiling module ControlUnit
Compiling module InstructionMemory
Compiling module RegisterFile
Compiling module ALU
Compiling module DataMemory
Compiling module Flags
Compiling module DebugUnit
Compiling module CPU
Compiling module CPU_Test
Compiling module glbl
Time Resolution for simulation is 1ps.
Compiled 10 Verilog Units
Built simulation executable C:/Users/nimer/Documents/GitHub/MIPS8/FPGA/CPU_Test_isim_beh.exe
Fuse Memory Usage: 106264 KB
Fuse CPU Usage: 265 ms
